<?xml version="1.0" encoding="UTF-8"?>
<!-- Generated by org.testng.reporters.JUnitReportReporter -->
<testsuite skipped="0" hostname="Automata" name="ups.test.UpsCrossBrowserTest" tests="4" failures="0" timestamp="16 Jun 2019 07:05:09 GMT" time="4.337" errors="0">
  <testcase name="funLoginMsg" time="0.003" classname="ups.test.UpsCrossBrowserTest"/>
  <testcase name="funLoginMsg" time="0.002" classname="ups.test.UpsCrossBrowserTest"/>
  <testcase name="verifyLoginError" time="1.365" classname="ups.test.UpsCrossBrowserTest"/>
  <testcase name="verifyLoginError" time="2.967" classname="ups.test.UpsCrossBrowserTest"/>
</testsuite> <!-- ups.test.UpsCrossBrowserTest -->
