<?xml version="1.0" encoding="UTF-8"?>
<!-- Generated by org.testng.reporters.JUnitReportReporter -->
<testsuite skipped="0" hostname="Automata" name="multi.windows.test.MultiWIndows" tests="1" failures="0" timestamp="16 Jun 2019 10:08:57 GMT" time="3.854" errors="0">
  <testcase name="verifyLoginError" time="3.854" classname="multi.windows.test.MultiWIndows"/>
</testsuite> <!-- multi.windows.test.MultiWIndows -->
