<?xml version="1.0" encoding="UTF-8"?>
<!-- Generated by org.testng.reporters.JUnitReportReporter -->
<testsuite skipped="0" hostname="Automata" name="ups.test.UpsLoginPageTest" tests="2" failures="0" timestamp="16 Jun 2019 06:32:35 GMT" time="2.647" errors="0">
  <testcase name="funLoginMsg" time="0.005" classname="ups.test.UpsLoginPageTest"/>
  <testcase name="verifyLoginError" time="2.642" classname="ups.test.UpsLoginPageTest"/>
</testsuite> <!-- ups.test.UpsLoginPageTest -->
