<?xml version="1.0" encoding="UTF-8"?>
<!-- Generated by org.testng.reporters.JUnitReportReporter -->
<testsuite skipped="0" hostname="Automata" name="ups.test.UpsTrackingPageTest" tests="2" failures="0" timestamp="16 Jun 2019 06:32:35 GMT" time="0.623" errors="0">
  <testcase name="verifyTrackingError" time="0.622" classname="ups.test.UpsTrackingPageTest"/>
  <testcase name="funTrackingMsg" time="0.001" classname="ups.test.UpsTrackingPageTest"/>
</testsuite> <!-- ups.test.UpsTrackingPageTest -->
